
**** Build of configuration Debug for project lab_1 ****

"C:\\ti\\ccs1010\\ccs\\utils\\bin\\gmake" -k -j 4 all -O 
 
Building file: "../resetSimulation.c"
Invoking: ARM Compiler
"C:/ti/ccs1010/ccs/tools/compiler/ti-cgt-arm_20.2.1.LTS/bin/armcl" -mv7M4 --code_state=16 --float_support=FPv4SPD16 -me --include_path="//MY.FILES.IASTATE.EDU/Users/cml/Desktop/Cpre288/lab_1" --include_path="C:/ti/TivaWare_C_Series-2.1.4.178" --include_path="C:/ti/ccs1010/ccs/tools/compiler/ti-cgt-arm_20.2.1.LTS/include" --define=ccs="ccs" --define=PART_TM4C123GH6PM -g --gcc --diag_warning=225 --diag_wrap=off --display_error_number --abi=eabi --preproc_with_compile --preproc_dependency="resetSimulation.d_raw"  "../resetSimulation.c"
\\MY.FILES.IASTATE.EDU\Users\cml\Desktop\Cpre288\lab_1\Debug
CMD.EXE was started with the above path as the current directory.
UNC paths are not supported.  Defaulting to Windows directory.
\\MY.FILES.IASTATE.EDU\Users\cml\Desktop\Cpre288\lab_1\Debug
CMD.EXE was started with the above path as the current directory.
UNC paths are not supported.  Defaulting to Windows directory.
"..\Timer.h", line 118: warning #1-D: last line of file ends without a newline
\\MY.FILES.IASTATE.EDU\Users\cml\Desktop\Cpre288\lab_1\Debug
CMD.EXE was started with the above path as the current directory.
UNC paths are not supported.  Defaulting to Windows directory.
\\MY.FILES.IASTATE.EDU\Users\cml\Desktop\Cpre288\lab_1\Debug
CMD.EXE was started with the above path as the current directory.
UNC paths are not supported.  Defaulting to Windows directory.
Finished building: "../resetSimulation.c"
 
Building file: "../Timer.c"
Invoking: ARM Compiler
"C:/ti/ccs1010/ccs/tools/compiler/ti-cgt-arm_20.2.1.LTS/bin/armcl" -mv7M4 --code_state=16 --float_support=FPv4SPD16 -me --include_path="//MY.FILES.IASTATE.EDU/Users/cml/Desktop/Cpre288/lab_1" --include_path="C:/ti/TivaWare_C_Series-2.1.4.178" --include_path="C:/ti/ccs1010/ccs/tools/compiler/ti-cgt-arm_20.2.1.LTS/include" --define=ccs="ccs" --define=PART_TM4C123GH6PM -g --gcc --diag_warning=225 --diag_wrap=off --display_error_number --abi=eabi --preproc_with_compile --preproc_dependency="Timer.d_raw"  "../Timer.c"
\\MY.FILES.IASTATE.EDU\Users\cml\Desktop\Cpre288\lab_1\Debug
CMD.EXE was started with the above path as the current directory.
UNC paths are not supported.  Defaulting to Windows directory.
\\MY.FILES.IASTATE.EDU\Users\cml\Desktop\Cpre288\lab_1\Debug
CMD.EXE was started with the above path as the current directory.
UNC paths are not supported.  Defaulting to Windows directory.
"..\Timer.h", line 118: warning #1-D: last line of file ends without a newline
"../Timer.c", line 203: warning #1-D: last line of file ends without a newline
\\MY.FILES.IASTATE.EDU\Users\cml\Desktop\Cpre288\lab_1\Debug
CMD.EXE was started with the above path as the current directory.
UNC paths are not supported.  Defaulting to Windows directory.
\\MY.FILES.IASTATE.EDU\Users\cml\Desktop\Cpre288\lab_1\Debug
CMD.EXE was started with the above path as the current directory.
UNC paths are not supported.  Defaulting to Windows directory.
Finished building: "../Timer.c"
 
Building file: "../helloworld.c"
Invoking: ARM Compiler
"C:/ti/ccs1010/ccs/tools/compiler/ti-cgt-arm_20.2.1.LTS/bin/armcl" -mv7M4 --code_state=16 --float_support=FPv4SPD16 -me --include_path="//MY.FILES.IASTATE.EDU/Users/cml/Desktop/Cpre288/lab_1" --include_path="C:/ti/TivaWare_C_Series-2.1.4.178" --include_path="C:/ti/ccs1010/ccs/tools/compiler/ti-cgt-arm_20.2.1.LTS/include" --define=ccs="ccs" --define=PART_TM4C123GH6PM -g --gcc --diag_warning=225 --diag_wrap=off --display_error_number --abi=eabi --preproc_with_compile --preproc_dependency="helloworld.d_raw"  "../helloworld.c"
\\MY.FILES.IASTATE.EDU\Users\cml\Desktop\Cpre288\lab_1\Debug
CMD.EXE was started with the above path as the current directory.
UNC paths are not supported.  Defaulting to Windows directory.
\\MY.FILES.IASTATE.EDU\Users\cml\Desktop\Cpre288\lab_1\Debug
CMD.EXE was started with the above path as the current directory.
UNC paths are not supported.  Defaulting to Windows directory.
"..\Timer.h", line 118: warning #1-D: last line of file ends without a newline
"..\lcd.h", line 53: warning #1-D: last line of file ends without a newline
"../helloworld.c", line 36: warning #1-D: last line of file ends without a newline
\\MY.FILES.IASTATE.EDU\Users\cml\Desktop\Cpre288\lab_1\Debug
CMD.EXE was started with the above path as the current directory.
UNC paths are not supported.  Defaulting to Windows directory.
\\MY.FILES.IASTATE.EDU\Users\cml\Desktop\Cpre288\lab_1\Debug
CMD.EXE was started with the above path as the current directory.
UNC paths are not supported.  Defaulting to Windows directory.
Finished building: "../helloworld.c"
 
Building file: "../lcd.c"
Invoking: ARM Compiler
"C:/ti/ccs1010/ccs/tools/compiler/ti-cgt-arm_20.2.1.LTS/bin/armcl" -mv7M4 --code_state=16 --float_support=FPv4SPD16 -me --include_path="//MY.FILES.IASTATE.EDU/Users/cml/Desktop/Cpre288/lab_1" --include_path="C:/ti/TivaWare_C_Series-2.1.4.178" --include_path="C:/ti/ccs1010/ccs/tools/compiler/ti-cgt-arm_20.2.1.LTS/include" --define=ccs="ccs" --define=PART_TM4C123GH6PM -g --gcc --diag_warning=225 --diag_wrap=off --display_error_number --abi=eabi --preproc_with_compile --preproc_dependency="lcd.d_raw"  "../lcd.c"
\\MY.FILES.IASTATE.EDU\Users\cml\Desktop\Cpre288\lab_1\Debug
CMD.EXE was started with the above path as the current directory.
UNC paths are not supported.  Defaulting to Windows directory.
\\MY.FILES.IASTATE.EDU\Users\cml\Desktop\Cpre288\lab_1\Debug
CMD.EXE was started with the above path as the current directory.
UNC paths are not supported.  Defaulting to Windows directory.
"..\Timer.h", line 118: warning #1-D: last line of file ends without a newline
"..\lcd.h", line 53: warning #1-D: last line of file ends without a newline
\\MY.FILES.IASTATE.EDU\Users\cml\Desktop\Cpre288\lab_1\Debug
CMD.EXE was started with the above path as the current directory.
UNC paths are not supported.  Defaulting to Windows directory.
\\MY.FILES.IASTATE.EDU\Users\cml\Desktop\Cpre288\lab_1\Debug
CMD.EXE was started with the above path as the current directory.
UNC paths are not supported.  Defaulting to Windows directory.
Finished building: "../lcd.c"
 
Building file: "../tm4c123gh6pm_startup_ccs.c"
Invoking: ARM Compiler
"C:/ti/ccs1010/ccs/tools/compiler/ti-cgt-arm_20.2.1.LTS/bin/armcl" -mv7M4 --code_state=16 --float_support=FPv4SPD16 -me --include_path="//MY.FILES.IASTATE.EDU/Users/cml/Desktop/Cpre288/lab_1" --include_path="C:/ti/TivaWare_C_Series-2.1.4.178" --include_path="C:/ti/ccs1010/ccs/tools/compiler/ti-cgt-arm_20.2.1.LTS/include" --define=ccs="ccs" --define=PART_TM4C123GH6PM -g --gcc --diag_warning=225 --diag_wrap=off --display_error_number --abi=eabi --preproc_with_compile --preproc_dependency="tm4c123gh6pm_startup_ccs.d_raw"  "../tm4c123gh6pm_startup_ccs.c"
\\MY.FILES.IASTATE.EDU\Users\cml\Desktop\Cpre288\lab_1\Debug
CMD.EXE was started with the above path as the current directory.
UNC paths are not supported.  Defaulting to Windows directory.
\\MY.FILES.IASTATE.EDU\Users\cml\Desktop\Cpre288\lab_1\Debug
CMD.EXE was started with the above path as the current directory.
UNC paths are not supported.  Defaulting to Windows directory.
\\MY.FILES.IASTATE.EDU\Users\cml\Desktop\Cpre288\lab_1\Debug
CMD.EXE was started with the above path as the current directory.
UNC paths are not supported.  Defaulting to Windows directory.
\\MY.FILES.IASTATE.EDU\Users\cml\Desktop\Cpre288\lab_1\Debug
CMD.EXE was started with the above path as the current directory.
UNC paths are not supported.  Defaulting to Windows directory.
Finished building: "../tm4c123gh6pm_startup_ccs.c"
 
Building target: "lab_1.out"
Invoking: ARM Linker
"C:/ti/ccs1010/ccs/tools/compiler/ti-cgt-arm_20.2.1.LTS/bin/armcl" -mv7M4 --code_state=16 --float_support=FPv4SPD16 -me --define=ccs="ccs" --define=PART_TM4C123GH6PM -g --gcc --diag_warning=225 --diag_wrap=off --display_error_number --abi=eabi -z -m"lab_1.map" --heap_size=1024 --stack_size=2048 -i"C:/ti/ccs1010/ccs/tools/compiler/ti-cgt-arm_20.2.1.LTS/lib" -i"C:/ti/ccs1010/ccs/tools/compiler/ti-cgt-arm_20.2.1.LTS/include" --reread_libs --diag_wrap=off --display_error_number --warn_sections --xml_link_info="lab_1_linkInfo.xml" --rom_model -o "lab_1.out" "./Timer.obj" "./helloworld.obj" "./lcd.obj" "./resetSimulation.obj" "./tm4c123gh6pm_startup_ccs.obj" "../tm4c123gh6pm.cmd"  -llibc.a -l"C:/ti/TivaWare_C_Series-2.1.4.178/driverlib/ccs/Debug/driverlib.lib" 
<Linking>
\\MY.FILES.IASTATE.EDU\Users\cml\Desktop\Cpre288\lab_1\Debug
CMD.EXE was started with the above path as the current directory.
UNC paths are not supported.  Defaulting to Windows directory.
\\MY.FILES.IASTATE.EDU\Users\cml\Desktop\Cpre288\lab_1\Debug
CMD.EXE was started with the above path as the current directory.
UNC paths are not supported.  Defaulting to Windows directory.
\\MY.FILES.IASTATE.EDU\Users\cml\Desktop\Cpre288\lab_1\Debug
CMD.EXE was started with the above path as the current directory.
UNC paths are not supported.  Defaulting to Windows directory.
Finished building target: "lab_1.out"
 
\\MY.FILES.IASTATE.EDU\Users\cml\Desktop\Cpre288\lab_1\Debug
CMD.EXE was started with the above path as the current directory.
UNC paths are not supported.  Defaulting to Windows directory.

**** Build Finished ****
gmake[1]: 'lab_1.out' is up to date.

**** Build Finished ****
C:\\ti\\ccs1010\\ccs\\utils\\bin\\gmake" -k -j 8 all -O 
 

**** Build of configuration Debug for project lab_1 ****

"C:\\ti\\ccs1010\\ccs\\utils\\bin\\gmake" -k -j 8 all -O 
 
gmake[1]: 'lab_1.out' is up to date.

**** Build Finished ****

**** Build of configuration Debug for project lab_1 ****

"C:\\ti\\ccs1010\\ccs\\utils\\bin\\gmake" -k -j 8 all -O 
 
gmake[1]: 'lab_1.out' is up to date.

**** Build Finished ****

**** Build of configuration Debug for project lab_1 ****

"C:\\ti\\ccs1010\\ccs\\utils\\bin\\gmake" -k -j 8 all -O 
 
gmake[1]: 'lab_1.out' is up to date.

**** Build Finished ****

**** Build of configuration Debug for project lab_1 ****

"C:\\ti\\ccs1010\\ccs\\utils\\bin\\gmake" -k -j 8 all -O 
 
gmake[1]: 'lab_1.out' is up to date.

**** Build Finished ****

**** Build of configuration Debug for project lab_1 ****

"C:\\ti\\ccs1010\\ccs\\utils\\bin\\gmake" -k -j 8 all -O 
 
Building file: "../helloworld.c"
Invoking: ARM Compiler
"C:/ti/ccs1010/ccs/tools/compiler/ti-cgt-arm_20.2.1.LTS/bin/armcl" -mv7M4 --code_state=16 --float_support=FPv4SPD16 -me --include_path="U:/Cpre288Workspace/lab_1" --include_path="C:/ti/TivaWare_C_Series-2.1.4.178" --include_path="C:/ti/ccs1010/ccs/tools/compiler/ti-cgt-arm_20.2.1.LTS/include" --define=ccs="ccs" --define=PART_TM4C123GH6PM -g --gcc --diag_warning=225 --diag_wrap=off --display_error_number --abi=eabi --preproc_with_compile --preproc_dependency="helloworld.d_raw"  "../helloworld.c"
"..\Timer.h", line 118: warning #1-D: last line of file ends without a newline
"..\lcd.h", line 53: warning #1-D: last line of file ends without a newline
Finished building: "../helloworld.c"
 
Building target: "lab_1.out"
Invoking: ARM Linker
"C:/ti/ccs1010/ccs/tools/compiler/ti-cgt-arm_20.2.1.LTS/bin/armcl" -mv7M4 --code_state=16 --float_support=FPv4SPD16 -me --define=ccs="ccs" --define=PART_TM4C123GH6PM -g --gcc --diag_warning=225 --diag_wrap=off --display_error_number --abi=eabi -z -m"lab_1.map" --heap_size=1024 --stack_size=2048 -i"C:/ti/ccs1010/ccs/tools/compiler/ti-cgt-arm_20.2.1.LTS/lib" -i"C:/ti/ccs1010/ccs/tools/compiler/ti-cgt-arm_20.2.1.LTS/include" --reread_libs --diag_wrap=off --display_error_number --warn_sections --xml_link_info="lab_1_linkInfo.xml" --rom_model -o "lab_1.out" "./Timer.obj" "./helloworld.obj" "./lcd.obj" "./resetSimulation.obj" "./tm4c123gh6pm_startup_ccs.obj" "../tm4c123gh6pm.cmd"  -llibc.a -l"C:/ti/TivaWare_C_Series-2.1.4.178/driverlib/ccs/Debug/driverlib.lib" 
<Linking>
Finished building target: "lab_1.out"
 

**** Build Finished ****

**** Build of configuration Debug for project lab_1 ****

"C:\\ti\\ccs1010\\ccs\\utils\\bin\\gmake" -k -j 4 all -O 
 
gmake[1]: 'lab_1.out' is up to date.

**** Build Finished ****

**** Build of configuration Debug for project lab_1 ****

"C:\\ti\\ccs1010\\ccs\\utils\\bin\\gmake" -k -j 4 all -O 
 
gmake[1]: 'lab_1.out' is up to date.

**** Build Finished ****

**** Build of configuration Debug for project lab_1 ****

"C:\\ti\\ccs1010\\ccs\\utils\\bin\\gmake" -k -j 4 all -O 
 
Building file: "../helloworld.c"
Invoking: ARM Compiler
"C:/ti/ccs1010/ccs/tools/compiler/ti-cgt-arm_20.2.1.LTS/bin/armcl" -mv7M4 --code_state=16 --float_support=FPv4SPD16 -me --include_path="U:/Cpre288Workspace/lab_1" --include_path="C:/ti/TivaWare_C_Series-2.1.4.178" --include_path="C:/ti/ccs1010/ccs/tools/compiler/ti-cgt-arm_20.2.1.LTS/include" --define=ccs="ccs" --define=PART_TM4C123GH6PM -g --gcc --diag_warning=225 --diag_wrap=off --display_error_number --abi=eabi --preproc_with_compile --preproc_dependency="helloworld.d_raw"  "../helloworld.c"
"..\Timer.h", line 118: warning #1-D: last line of file ends without a newline
"..\lcd.h", line 53: warning #1-D: last line of file ends without a newline
Finished building: "../helloworld.c"
 
Building target: "lab_1.out"
Invoking: ARM Linker
"C:/ti/ccs1010/ccs/tools/compiler/ti-cgt-arm_20.2.1.LTS/bin/armcl" -mv7M4 --code_state=16 --float_support=FPv4SPD16 -me --define=ccs="ccs" --define=PART_TM4C123GH6PM -g --gcc --diag_warning=225 --diag_wrap=off --display_error_number --abi=eabi -z -m"lab_1.map" --heap_size=1024 --stack_size=2048 -i"C:/ti/ccs1010/ccs/tools/compiler/ti-cgt-arm_20.2.1.LTS/lib" -i"C:/ti/ccs1010/ccs/tools/compiler/ti-cgt-arm_20.2.1.LTS/include" --reread_libs --diag_wrap=off --display_error_number --warn_sections --xml_link_info="lab_1_linkInfo.xml" --rom_model -o "lab_1.out" "./Timer.obj" "./helloworld.obj" "./lcd.obj" "./resetSimulation.obj" "./tm4c123gh6pm_startup_ccs.obj" "../tm4c123gh6pm.cmd"  -llibc.a -l"C:/ti/TivaWare_C_Series-2.1.4.178/driverlib/ccs/Debug/driverlib.lib" 
<Linking>
Finished building target: "lab_1.out"
 

**** Build Finished ****

**** Build of configuration Debug for project lab_1 ****

"C:\\ti\\ccs1010\\ccs\\utils\\bin\\gmake" -k -j 4 all -O 
 
Building file: "../helloworld.c"
Invoking: ARM Compiler
"C:/ti/ccs1010/ccs/tools/compiler/ti-cgt-arm_20.2.1.LTS/bin/armcl" -mv7M4 --code_state=16 --float_support=FPv4SPD16 -me --include_path="U:/Cpre288Workspace/lab_1" --include_path="C:/ti/TivaWare_C_Series-2.1.4.178" --include_path="C:/ti/ccs1010/ccs/tools/compiler/ti-cgt-arm_20.2.1.LTS/include" --define=ccs="ccs" --define=PART_TM4C123GH6PM -g --gcc --diag_warning=225 --diag_wrap=off --display_error_number --abi=eabi --preproc_with_compile --preproc_dependency="helloworld.d_raw"  "../helloworld.c"
"..\Timer.h", line 118: warning #1-D: last line of file ends without a newline
"..\lcd.h", line 53: warning #1-D: last line of file ends without a newline
Finished building: "../helloworld.c"
 
Building target: "lab_1.out"
Invoking: ARM Linker
"C:/ti/ccs1010/ccs/tools/compiler/ti-cgt-arm_20.2.1.LTS/bin/armcl" -mv7M4 --code_state=16 --float_support=FPv4SPD16 -me --define=ccs="ccs" --define=PART_TM4C123GH6PM -g --gcc --diag_warning=225 --diag_wrap=off --display_error_number --abi=eabi -z -m"lab_1.map" --heap_size=1024 --stack_size=2048 -i"C:/ti/ccs1010/ccs/tools/compiler/ti-cgt-arm_20.2.1.LTS/lib" -i"C:/ti/ccs1010/ccs/tools/compiler/ti-cgt-arm_20.2.1.LTS/include" --reread_libs --diag_wrap=off --display_error_number --warn_sections --xml_link_info="lab_1_linkInfo.xml" --rom_model -o "lab_1.out" "./Timer.obj" "./helloworld.obj" "./lcd.obj" "./resetSimulation.obj" "./tm4c123gh6pm_startup_ccs.obj" "../tm4c123gh6pm.cmd"  -llibc.a -l"C:/ti/TivaWare_C_Series-2.1.4.178/driverlib/ccs/Debug/driverlib.lib" 
<Linking>
Finished building target: "lab_1.out"
 

**** Build Finished ****

**** Build of configuration Debug for project lab_1 ****

"C:\\ti\\ccs1010\\ccs\\utils\\bin\\gmake" -k -j 4 all -O 
 
gmake[1]: 'lab_1.out' is up to date.

**** Build Finished ****

**** Build of configuration Debug for project lab_1 ****

"C:\\ti\\ccs1010\\ccs\\utils\\bin\\gmake" -k -j 4 all -O 
 
Building file: "../helloworld.c"
Invoking: ARM Compiler
"C:/ti/ccs1010/ccs/tools/compiler/ti-cgt-arm_20.2.1.LTS/bin/armcl" -mv7M4 --code_state=16 --float_support=FPv4SPD16 -me --include_path="U:/Cpre288Workspace/lab_1" --include_path="C:/ti/TivaWare_C_Series-2.1.4.178" --include_path="C:/ti/ccs1010/ccs/tools/compiler/ti-cgt-arm_20.2.1.LTS/include" --define=ccs="ccs" --define=PART_TM4C123GH6PM -g --gcc --diag_warning=225 --diag_wrap=off --display_error_number --abi=eabi --preproc_with_compile --preproc_dependency="helloworld.d_raw"  "../helloworld.c"
"..\Timer.h", line 118: warning #1-D: last line of file ends without a newline
"..\lcd.h", line 53: warning #1-D: last line of file ends without a newline
Finished building: "../helloworld.c"
 
Building target: "lab_1.out"
Invoking: ARM Linker
"C:/ti/ccs1010/ccs/tools/compiler/ti-cgt-arm_20.2.1.LTS/bin/armcl" -mv7M4 --code_state=16 --float_support=FPv4SPD16 -me --define=ccs="ccs" --define=PART_TM4C123GH6PM -g --gcc --diag_warning=225 --diag_wrap=off --display_error_number --abi=eabi -z -m"lab_1.map" --heap_size=1024 --stack_size=2048 -i"C:/ti/ccs1010/ccs/tools/compiler/ti-cgt-arm_20.2.1.LTS/lib" -i"C:/ti/ccs1010/ccs/tools/compiler/ti-cgt-arm_20.2.1.LTS/include" --reread_libs --diag_wrap=off --display_error_number --warn_sections --xml_link_info="lab_1_linkInfo.xml" --rom_model -o "lab_1.out" "./Timer.obj" "./helloworld.obj" "./lcd.obj" "./resetSimulation.obj" "./tm4c123gh6pm_startup_ccs.obj" "../tm4c123gh6pm.cmd"  -llibc.a -l"C:/ti/TivaWare_C_Series-2.1.4.178/driverlib/ccs/Debug/driverlib.lib" 
<Linking>
Finished building target: "lab_1.out"
 

**** Build Finished ****

**** Build of configuration Debug for project lab_1 ****

"C:\\ti\\ccs1010\\ccs\\utils\\bin\\gmake" -k -j 4 all -O 
 
Building file: "../helloworld.c"
Invoking: ARM Compiler
"C:/ti/ccs1010/ccs/tools/compiler/ti-cgt-arm_20.2.1.LTS/bin/armcl" -mv7M4 --code_state=16 --float_support=FPv4SPD16 -me --include_path="U:/Cpre288Workspace/lab_1" --include_path="C:/ti/TivaWare_C_Series-2.1.4.178" --include_path="C:/ti/ccs1010/ccs/tools/compiler/ti-cgt-arm_20.2.1.LTS/include" --define=ccs="ccs" --define=PART_TM4C123GH6PM -g --gcc --diag_warning=225 --diag_wrap=off --display_error_number --abi=eabi --preproc_with_compile --preproc_dependency="helloworld.d_raw"  "../helloworld.c"
"..\Timer.h", line 118: warning #1-D: last line of file ends without a newline
"..\lcd.h", line 53: warning #1-D: last line of file ends without a newline
Finished building: "../helloworld.c"
 
Building target: "lab_1.out"
Invoking: ARM Linker
"C:/ti/ccs1010/ccs/tools/compiler/ti-cgt-arm_20.2.1.LTS/bin/armcl" -mv7M4 --code_state=16 --float_support=FPv4SPD16 -me --define=ccs="ccs" --define=PART_TM4C123GH6PM -g --gcc --diag_warning=225 --diag_wrap=off --display_error_number --abi=eabi -z -m"lab_1.map" --heap_size=1024 --stack_size=2048 -i"C:/ti/ccs1010/ccs/tools/compiler/ti-cgt-arm_20.2.1.LTS/lib" -i"C:/ti/ccs1010/ccs/tools/compiler/ti-cgt-arm_20.2.1.LTS/include" --reread_libs --diag_wrap=off --display_error_number --warn_sections --xml_link_info="lab_1_linkInfo.xml" --rom_model -o "lab_1.out" "./Timer.obj" "./helloworld.obj" "./lcd.obj" "./resetSimulation.obj" "./tm4c123gh6pm_startup_ccs.obj" "../tm4c123gh6pm.cmd"  -llibc.a -l"C:/ti/TivaWare_C_Series-2.1.4.178/driverlib/ccs/Debug/driverlib.lib" 
<Linking>
Finished building target: "lab_1.out"
 

**** Build Finished ****

**** Build of configuration Debug for project lab_1 ****

"C:\\ti\\ccs1010\\ccs\\utils\\bin\\gmake" -k -j 4 all -O 
 
gmake[1]: 'lab_1.out' is up to date.

**** Build Finished ****

**** Build of configuration Debug for project lab_1 ****

"C:\\ti\\ccs1010\\ccs\\utils\\bin\\gmake" -k -j 4 all -O 
 
Building file: "../helloworld.c"
Invoking: ARM Compiler
"C:/ti/ccs1010/ccs/tools/compiler/ti-cgt-arm_20.2.1.LTS/bin/armcl" -mv7M4 --code_state=16 --float_support=FPv4SPD16 -me --include_path="U:/Cpre288Workspace/lab_1" --include_path="C:/ti/TivaWare_C_Series-2.1.4.178" --include_path="C:/ti/ccs1010/ccs/tools/compiler/ti-cgt-arm_20.2.1.LTS/include" --define=ccs="ccs" --define=PART_TM4C123GH6PM -g --gcc --diag_warning=225 --diag_wrap=off --display_error_number --abi=eabi --preproc_with_compile --preproc_dependency="helloworld.d_raw"  "../helloworld.c"
"..\Timer.h", line 118: warning #1-D: last line of file ends without a newline
"..\lcd.h", line 53: warning #1-D: last line of file ends without a newline
Finished building: "../helloworld.c"
 
Building target: "lab_1.out"
Invoking: ARM Linker
"C:/ti/ccs1010/ccs/tools/compiler/ti-cgt-arm_20.2.1.LTS/bin/armcl" -mv7M4 --code_state=16 --float_support=FPv4SPD16 -me --define=ccs="ccs" --define=PART_TM4C123GH6PM -g --gcc --diag_warning=225 --diag_wrap=off --display_error_number --abi=eabi -z -m"lab_1.map" --heap_size=1024 --stack_size=2048 -i"C:/ti/ccs1010/ccs/tools/compiler/ti-cgt-arm_20.2.1.LTS/lib" -i"C:/ti/ccs1010/ccs/tools/compiler/ti-cgt-arm_20.2.1.LTS/include" --reread_libs --diag_wrap=off --display_error_number --warn_sections --xml_link_info="lab_1_linkInfo.xml" --rom_model -o "lab_1.out" "./Timer.obj" "./helloworld.obj" "./lcd.obj" "./resetSimulation.obj" "./tm4c123gh6pm_startup_ccs.obj" "../tm4c123gh6pm.cmd"  -llibc.a -l"C:/ti/TivaWare_C_Series-2.1.4.178/driverlib/ccs/Debug/driverlib.lib" 
<Linking>
Finished building target: "lab_1.out"
 

**** Build Finished ****

**** Build of configuration Debug for project lab_1 ****

"C:\\ti\\ccs1010\\ccs\\utils\\bin\\gmake" -k -j 4 all -O 
 
Building file: "../helloworld.c"
Invoking: ARM Compiler
"C:/ti/ccs1010/ccs/tools/compiler/ti-cgt-arm_20.2.1.LTS/bin/armcl" -mv7M4 --code_state=16 --float_support=FPv4SPD16 -me --include_path="U:/Cpre288Workspace/lab_1" --include_path="C:/ti/TivaWare_C_Series-2.1.4.178" --include_path="C:/ti/ccs1010/ccs/tools/compiler/ti-cgt-arm_20.2.1.LTS/include" --define=ccs="ccs" --define=PART_TM4C123GH6PM -g --gcc --diag_warning=225 --diag_wrap=off --display_error_number --abi=eabi --preproc_with_compile --preproc_dependency="helloworld.d_raw"  "../helloworld.c"
 
>> Compilation failure
subdir_rules.mk:9: recipe for target 'helloworld.obj' failed
"..\Timer.h", line 118: warning #1-D: last line of file ends without a newline
"..\lcd.h", line 53: warning #1-D: last line of file ends without a newline
"../helloworld.c", line 25: warning #225-D: function "ldc_putc" declared implicitly
"../helloworld.c", line 27: error #66: expected a ";"
1 error detected in the compilation of "../helloworld.c".
gmake: *** [helloworld.obj] Error 1
gmake: Target 'all' not remade because of errors.

**** Build Finished ****

**** Build of configuration Debug for project lab_1 ****

"C:\\ti\\ccs1010\\ccs\\utils\\bin\\gmake" -k -j 4 all -O 
 
Building file: "../helloworld.c"
Invoking: ARM Compiler
"C:/ti/ccs1010/ccs/tools/compiler/ti-cgt-arm_20.2.1.LTS/bin/armcl" -mv7M4 --code_state=16 --float_support=FPv4SPD16 -me --include_path="U:/Cpre288Workspace/lab_1" --include_path="C:/ti/TivaWare_C_Series-2.1.4.178" --include_path="C:/ti/ccs1010/ccs/tools/compiler/ti-cgt-arm_20.2.1.LTS/include" --define=ccs="ccs" --define=PART_TM4C123GH6PM -g --gcc --diag_warning=225 --diag_wrap=off --display_error_number --abi=eabi --preproc_with_compile --preproc_dependency="helloworld.d_raw"  "../helloworld.c"
"..\Timer.h", line 118: warning #1-D: last line of file ends without a newline
"..\lcd.h", line 53: warning #1-D: last line of file ends without a newline
"../helloworld.c", line 25: warning #225-D: function "ldc_putc" declared implicitly
Finished building: "../helloworld.c"
 
Building target: "lab_1.out"
Invoking: ARM Linker
"C:/ti/ccs1010/ccs/tools/compiler/ti-cgt-arm_20.2.1.LTS/bin/armcl" -mv7M4 --code_state=16 --float_support=FPv4SPD16 -me --define=ccs="ccs" --define=PART_TM4C123GH6PM -g --gcc --diag_warning=225 --diag_wrap=off --display_error_number --abi=eabi -z -m"lab_1.map" --heap_size=1024 --stack_size=2048 -i"C:/ti/ccs1010/ccs/tools/compiler/ti-cgt-arm_20.2.1.LTS/lib" -i"C:/ti/ccs1010/ccs/tools/compiler/ti-cgt-arm_20.2.1.LTS/include" --reread_libs --diag_wrap=off --display_error_number --warn_sections --xml_link_info="lab_1_linkInfo.xml" --rom_model -o "lab_1.out" "./Timer.obj" "./helloworld.obj" "./lcd.obj" "./resetSimulation.obj" "./tm4c123gh6pm_startup_ccs.obj" "../tm4c123gh6pm.cmd"  -llibc.a -l"C:/ti/TivaWare_C_Series-2.1.4.178/driverlib/ccs/Debug/driverlib.lib" 
<Linking>
 
 undefined first referenced
  symbol       in file     
 --------- ----------------
 ldc_putc  ./helloworld.obj
 
error #10234-D: unresolved symbols remain
 
error #10010: errors encountered during linking; "lab_1.out" not built
>> Compilation failure
makefile:146: recipe for target 'lab_1.out' failed
gmake[1]: *** [lab_1.out] Error 1
gmake: *** [all] Error 2
makefile:142: recipe for target 'all' failed

**** Build Finished ****

**** Build of configuration Debug for project lab_1 ****

"C:\\ti\\ccs1010\\ccs\\utils\\bin\\gmake" -k -j 4 all -O 
 
Building target: "lab_1.out"
Invoking: ARM Linker
"C:/ti/ccs1010/ccs/tools/compiler/ti-cgt-arm_20.2.1.LTS/bin/armcl" -mv7M4 --code_state=16 --float_support=FPv4SPD16 -me --define=ccs="ccs" --define=PART_TM4C123GH6PM -g --gcc --diag_warning=225 --diag_wrap=off --display_error_number --abi=eabi -z -m"lab_1.map" --heap_size=1024 --stack_size=2048 -i"C:/ti/ccs1010/ccs/tools/compiler/ti-cgt-arm_20.2.1.LTS/lib" -i"C:/ti/ccs1010/ccs/tools/compiler/ti-cgt-arm_20.2.1.LTS/include" --reread_libs --diag_wrap=off --display_error_number --warn_sections --xml_link_info="lab_1_linkInfo.xml" --rom_model -o "lab_1.out" "./Timer.obj" "./helloworld.obj" "./lcd.obj" "./resetSimulation.obj" "./tm4c123gh6pm_startup_ccs.obj" "../tm4c123gh6pm.cmd"  -llibc.a -l"C:/ti/TivaWare_C_Series-2.1.4.178/driverlib/ccs/Debug/driverlib.lib" 
<Linking>
 
 undefined first referenced
  symbol       in file     
 --------- ----------------
 ldc_putc  ./helloworld.obj
 
error #10234-D: unresolved symbols remain
error #10010: errors encountered during linking; "lab_1.out" not built
 
gmake[1]: *** [lab_1.out] Error 1
>> Compilation failure
makefile:146: recipe for target 'lab_1.out' failed
gmake: *** [all] Error 2
makefile:142: recipe for target 'all' failed

**** Build Finished ****

**** Build of configuration Debug for project lab_1 ****

"C:\\ti\\ccs1010\\ccs\\utils\\bin\\gmake" -k -j 4 all -O 
 
Building target: "lab_1.out"
Invoking: ARM Linker
"C:/ti/ccs1010/ccs/tools/compiler/ti-cgt-arm_20.2.1.LTS/bin/armcl" -mv7M4 --code_state=16 --float_support=FPv4SPD16 -me --define=ccs="ccs" --define=PART_TM4C123GH6PM -g --gcc --diag_warning=225 --diag_wrap=off --display_error_number --abi=eabi -z -m"lab_1.map" --heap_size=1024 --stack_size=2048 -i"C:/ti/ccs1010/ccs/tools/compiler/ti-cgt-arm_20.2.1.LTS/lib" -i"C:/ti/ccs1010/ccs/tools/compiler/ti-cgt-arm_20.2.1.LTS/include" --reread_libs --diag_wrap=off --display_error_number --warn_sections --xml_link_info="lab_1_linkInfo.xml" --rom_model -o "lab_1.out" "./Timer.obj" "./helloworld.obj" "./lcd.obj" "./resetSimulation.obj" "./tm4c123gh6pm_startup_ccs.obj" "../tm4c123gh6pm.cmd"  -llibc.a -l"C:/ti/TivaWare_C_Series-2.1.4.178/driverlib/ccs/Debug/driverlib.lib" 
<Linking>
 
 undefined first referenced
  symbol       in file     
 --------- ----------------
 ldc_putc  ./helloworld.obj
 
error #10234-D: unresolved symbols remain
error #10010: errors encountered during linking; "lab_1.out" not built
 
gmake[1]: *** [lab_1.out] Error 1
>> Compilation failure
makefile:146: recipe for target 'lab_1.out' failed
gmake: *** [all] Error 2
makefile:142: recipe for target 'all' failed

**** Build Finished ****

**** Build of configuration Debug for project lab2 ****

"C:\\ti\\ccs1010\\ccs\\utils\\bin\\gmake" -k -j 2 all -O 
 
Building file: "../main.c"
Invoking: ARM Compiler
"C:/ti/ccs1010/ccs/tools/compiler/ti-cgt-arm_20.2.1.LTS/bin/armcl" -mv7M4 --code_state=16 --float_support=FPv4SPD16 -me --include_path="U:/Cpre288Workspace/lab2" --include_path="C:/ti/TivaWare_C_Series-2.1.2.111" --include_path="C:/ti/ccs1010/ccs/tools/compiler/ti-cgt-arm_20.2.1.LTS/include" --define=ccs="ccs" --define=PART_TM4C123GH6PM -g --gcc --diag_warning=225 --diag_wrap=off --display_error_number --abi=eabi --preproc_with_compile --preproc_dependency="main.d_raw"  "../main.c"
Finished building: "../main.c"
 
Building file: "../tm4c123gh6pm_startup_ccs.c"
Invoking: ARM Compiler
"C:/ti/ccs1010/ccs/tools/compiler/ti-cgt-arm_20.2.1.LTS/bin/armcl" -mv7M4 --code_state=16 --float_support=FPv4SPD16 -me --include_path="U:/Cpre288Workspace/lab2" --include_path="C:/ti/TivaWare_C_Series-2.1.2.111" --include_path="C:/ti/ccs1010/ccs/tools/compiler/ti-cgt-arm_20.2.1.LTS/include" --define=ccs="ccs" --define=PART_TM4C123GH6PM -g --gcc --diag_warning=225 --diag_wrap=off --display_error_number --abi=eabi --preproc_with_compile --preproc_dependency="tm4c123gh6pm_startup_ccs.d_raw"  "../tm4c123gh6pm_startup_ccs.c"
Finished building: "../tm4c123gh6pm_startup_ccs.c"
 
Building target: "lab2.out"
Invoking: ARM Linker
"C:/ti/ccs1010/ccs/tools/compiler/ti-cgt-arm_20.2.1.LTS/bin/armcl" -mv7M4 --code_state=16 --float_support=FPv4SPD16 -me --define=ccs="ccs" --define=PART_TM4C123GH6PM -g --gcc --diag_warning=225 --diag_wrap=off --display_error_number --abi=eabi -z -m"lab2.map" --heap_size=0 --stack_size=512 -i"C:/ti/ccs1010/ccs/tools/compiler/ti-cgt-arm_20.2.1.LTS/lib" -i"C:/ti/ccs1010/ccs/tools/compiler/ti-cgt-arm_20.2.1.LTS/include" --reread_libs --diag_wrap=off --display_error_number --warn_sections --xml_link_info="lab2_linkInfo.xml" --rom_model -o "lab2.out" "./main.obj" "./tm4c123gh6pm_startup_ccs.obj" "../tm4c123gh6pm.cmd"  -llibc.a 
<Linking>
Finished building target: "lab2.out"
 

**** Build Finished ****

**** Build of configuration Debug for project lab2 ****

"C:\\ti\\ccs1010\\ccs\\utils\\bin\\gmake" -k -j 2 all -O 
 
Building file: "../Timer.c"
Invoking: ARM Compiler
"C:/ti/ccs1010/ccs/tools/compiler/ti-cgt-arm_20.2.1.LTS/bin/armcl" -mv7M4 --code_state=16 --float_support=FPv4SPD16 -me --include_path="U:/Cpre288Workspace/lab2" --include_path="C:/ti/TivaWare_C_Series-2.1.2.111" --include_path="C:/ti/ccs1010/ccs/tools/compiler/ti-cgt-arm_20.2.1.LTS/include" --define=ccs="ccs" --define=PART_TM4C123GH6PM -g --gcc --diag_warning=225 --diag_wrap=off --display_error_number --abi=eabi --preproc_with_compile --preproc_dependency="Timer.d_raw"  "../Timer.c"
 
>> Compilation failure
subdir_rules.mk:9: recipe for target 'Timer.obj' failed
"..\Timer.h", line 11: fatal error #1965: cannot open source file "inc/tm4c123gh6pm.h"
1 catastrophic error detected in the compilation of "../Timer.c".
Compilation terminated.
gmake: *** [Timer.obj] Error 1
Building file: "../lcd.c"
Invoking: ARM Compiler
"C:/ti/ccs1010/ccs/tools/compiler/ti-cgt-arm_20.2.1.LTS/bin/armcl" -mv7M4 --code_state=16 --float_support=FPv4SPD16 -me --include_path="U:/Cpre288Workspace/lab2" --include_path="C:/ti/TivaWare_C_Series-2.1.2.111" --include_path="C:/ti/ccs1010/ccs/tools/compiler/ti-cgt-arm_20.2.1.LTS/include" --define=ccs="ccs" --define=PART_TM4C123GH6PM -g --gcc --diag_warning=225 --diag_wrap=off --display_error_number --abi=eabi --preproc_with_compile --preproc_dependency="lcd.d_raw"  "../lcd.c"
 
>> Compilation failure
subdir_rules.mk:9: recipe for target 'lcd.obj' failed
"..\lcd.h", line 17: fatal error #1965: cannot open source file "inc/tm4c123gh6pm.h"
1 catastrophic error detected in the compilation of "../lcd.c".
Compilation terminated.
gmake: *** [lcd.obj] Error 1
Building file: "../open_interface.c"
Invoking: ARM Compiler
"C:/ti/ccs1010/ccs/tools/compiler/ti-cgt-arm_20.2.1.LTS/bin/armcl" -mv7M4 --code_state=16 --float_support=FPv4SPD16 -me --include_path="U:/Cpre288Workspace/lab2" --include_path="C:/ti/TivaWare_C_Series-2.1.2.111" --include_path="C:/ti/ccs1010/ccs/tools/compiler/ti-cgt-arm_20.2.1.LTS/include" --define=ccs="ccs" --define=PART_TM4C123GH6PM -g --gcc --diag_warning=225 --diag_wrap=off --display_error_number --abi=eabi --preproc_with_compile --preproc_dependency="open_interface.d_raw"  "../open_interface.c"
 
>> Compilation failure
subdir_rules.mk:9: recipe for target 'open_interface.obj' failed
"..\Timer.h", line 11: fatal error #1965: cannot open source file "inc/tm4c123gh6pm.h"
1 catastrophic error detected in the compilation of "../open_interface.c".
Compilation terminated.
gmake: *** [open_interface.obj] Error 1
gmake: Target 'all' not remade because of errors.

**** Build Finished ****
Building file: "../helloworld.c"
Invoking: ARM Compiler
"C:/ti/ccs1010/ccs/tools/compiler/ti-cgt-arm_20.2.1.LTS/bin/armcl" -mv7M4 --code_state=16 --float_support=FPv4SPD16 -me --include_path="U:/Cpre288Workspace/lab_1" --include_path="C:/ti/TivaWare_C_Series-2.1.4.178" --include_path="C:/ti/ccs1010/ccs/tools/compiler/ti-cgt-arm_20.2.1.LTS/include" --define=ccs="ccs" --define=PART_TM4C123GH6PM -g --gcc --diag_warning=225 --diag_wrap=off --display_error_number --abi=eabi --preproc_with_compile --preproc_dependency="helloworld.d_raw"  "../helloworld.c"
"..\Timer.h", line 118: warning #1-D: last line of file ends without a newline
"..\lcd.h", line 53: warning #1-D: last line of file ends without a newline
"../helloworld.c", line 23: warning #515-D: a value of type "char *" cannot be assigned to an entity of type "char"
"../helloworld.c", line 47: warning #177-D: subscript out of range
"../helloworld.c", line 72: warning #112-D: statement is unreachable
Finished building: "../helloworld.c"
 
Building target: "lab_1.out"
Invoking: ARM Linker
"C:/ti/ccs1010/ccs/tools/compiler/ti-cgt-arm_20.2.1.LTS/bin/armcl" -mv7M4 --code_state=16 --float_support=FPv4SPD16 -me --define=ccs="ccs" --define=PART_TM4C123GH6PM -g --gcc --diag_warning=225 --diag_wrap=off --display_error_number --abi=eabi -z -m"lab_1.map" --heap_size=1024 --stack_size=2048 -i"C:/ti/ccs1010/ccs/tools/compiler/ti-cgt-arm_20.2.1.LTS/lib" -i"C:/ti/ccs1010/ccs/tools/compiler/ti-cgt-arm_20.2.1.LTS/include" --reread_libs --diag_wrap=off --display_error_number --warn_sections --xml_link_info="lab_1_linkInfo.xml" --rom_model -o "lab_1.out" "./Timer.obj" "./helloworld.obj" "./lcd.obj" "./resetSimulation.obj" "./tm4c123gh6pm_startup_ccs.obj" "../tm4c123gh6pm.cmd"  -llibc.a -l"C:/ti/TivaWare_C_Series-2.1.4.178/driverlib/ccs/Debug/driverlib.lib" 
<Linking>
Finished building target: "lab_1.out"
 

**** Build Finished ****
gmake[1]: 'lab_1.out' is up to date.

**** Build Finished ****
C:\\ti\\ccs1010\\ccs\\utils\\bin\\gmake" -k -j 4 all -O 
 

**** Build of configuration Debug for project lab_1 ****

"C:\\ti\\ccs1010\\ccs\\utils\\bin\\gmake" -k -j 4 all -O 
 
gmake[1]: 'lab_1.out' is up to date.

**** Build Finished ****

**** Build of configuration Debug for project lab_1 ****

"C:\\ti\\ccs1010\\ccs\\utils\\bin\\gmake" -k -j 4 all -O 
 
gmake[1]: 'lab_1.out' is up to date.

**** Build Finished ****
gmake[1]: 'lab_1.out' is up to date.

**** Build Finished ****
C:\\ti\\ccs1010\\ccs\\utils\\bin\\gmake" -k -j 4 all -O 
 

**** Build of configuration Debug for project lab_1 ****

"C:\\ti\\ccs1010\\ccs\\utils\\bin\\gmake" -k -j 4 all -O 
 
gmake[1]: 'lab_1.out' is up to date.

**** Build Finished ****

**** Build of configuration Debug for project lab2 ****

"C:\\ti\\ccs1010\\ccs\\utils\\bin\\gmake" -k -j 4 all -O 
 
Building file: "../Timer.c"
Invoking: ARM Compiler
"C:/ti/ccs1010/ccs/tools/compiler/ti-cgt-arm_20.2.1.LTS/bin/armcl" -mv7M4 --code_state=16 --float_support=FPv4SPD16 -me --include_path="U:/Cpre288Workspace/lab2" --include_path="C:/ti/TivaWare_C_Series-2.1.2.111" --include_path="C:/ti/ccs1010/ccs/tools/compiler/ti-cgt-arm_20.2.1.LTS/include" --define=ccs="ccs" --define=PART_TM4C123GH6PM -g --gcc --diag_warning=225 --diag_wrap=off --display_error_number --abi=eabi --preproc_with_compile --preproc_dependency="Timer.d_raw"  "../Timer.c"
 
>> Compilation failure
subdir_rules.mk:9: recipe for target 'Timer.obj' failed
"..\Timer.h", line 11: fatal error #1965: cannot open source file "inc/tm4c123gh6pm.h"
1 catastrophic error detected in the compilation of "../Timer.c".
Compilation terminated.
gmake: *** [Timer.obj] Error 1
Building file: "../lcd.c"
Invoking: ARM Compiler
"C:/ti/ccs1010/ccs/tools/compiler/ti-cgt-arm_20.2.1.LTS/bin/armcl" -mv7M4 --code_state=16 --float_support=FPv4SPD16 -me --include_path="U:/Cpre288Workspace/lab2" --include_path="C:/ti/TivaWare_C_Series-2.1.2.111" --include_path="C:/ti/ccs1010/ccs/tools/compiler/ti-cgt-arm_20.2.1.LTS/include" --define=ccs="ccs" --define=PART_TM4C123GH6PM -g --gcc --diag_warning=225 --diag_wrap=off --display_error_number --abi=eabi --preproc_with_compile --preproc_dependency="lcd.d_raw"  "../lcd.c"
 
>> Compilation failure
subdir_rules.mk:9: recipe for target 'lcd.obj' failed
"..\lcd.h", line 17: fatal error #1965: cannot open source file "inc/tm4c123gh6pm.h"
1 catastrophic error detected in the compilation of "../lcd.c".
Compilation terminated.
gmake: *** [lcd.obj] Error 1
Building file: "../open_interface.c"
Invoking: ARM Compiler
"C:/ti/ccs1010/ccs/tools/compiler/ti-cgt-arm_20.2.1.LTS/bin/armcl" -mv7M4 --code_state=16 --float_support=FPv4SPD16 -me --include_path="U:/Cpre288Workspace/lab2" --include_path="C:/ti/TivaWare_C_Series-2.1.2.111" --include_path="C:/ti/ccs1010/ccs/tools/compiler/ti-cgt-arm_20.2.1.LTS/include" --define=ccs="ccs" --define=PART_TM4C123GH6PM -g --gcc --diag_warning=225 --diag_wrap=off --display_error_number --abi=eabi --preproc_with_compile --preproc_dependency="open_interface.d_raw"  "../open_interface.c"
 
>> Compilation failure
subdir_rules.mk:9: recipe for target 'open_interface.obj' failed
"..\Timer.h", line 11: fatal error #1965: cannot open source file "inc/tm4c123gh6pm.h"
1 catastrophic error detected in the compilation of "../open_interface.c".
Compilation terminated.
gmake: *** [open_interface.obj] Error 1
gmake: Target 'all' not remade because of errors.

**** Build Finished ****
